---

## `[11/03/2020 06:22:17] image-package pack-application -v -i /build/approotdemo_threadx -o /build/demo_threadx.imagepackage`

**[11/03/2020 06:22:17] Information**
```
Azure Sphere Utility version 20.7.0.18252
Copyright (C) Microsoft Corporation. All rights reserved.

```

**[11/03/2020 06:22:17] Information**
```
Start time (UTC): Tuesday, 03 November 2020 06:22:17
```

**[11/03/2020 06:22:17] Debug**
```
Creating image package.
```

**[11/03/2020 06:22:17] Debug**
```
Azure Sphere application image package written.
```

**[11/03/2020 06:22:17] Debug**
```
Appending metadata.
```

**[11/03/2020 06:22:17] Debug**
```
Wrote metadata:
  Section: Identity
    Image Type:           Application
    Component ID:         8bad3ffb-ba15-4b81-9acb-0cc5bf5cfa2d
    Image ID:             ee4f9731-ae96-4557-bb68-dd728c7f61ee
  Section: Signature
    Signing Type:         ECDsa256
    Cert:                 a8d5cc6958f48710140d7a26160fc1cfc31f5df0
  Section: Debug
    Image Name:           demo_threadx
    Built On (UTC):       11/03/2020 06:22:18
    Built On (Local):     11/03/2020 06:22:18
  Section: Temporary Image
    Remove image at boot: False
    Under development:    True
  Section: ABI Depends

```

**[11/03/2020 06:22:17] Debug**
```
Packaging completed successfully.
```

**[11/03/2020 06:22:17] Debug**
```
Output file is at: /build/demo_threadx.imagepackage
```

**[11/03/2020 06:22:17] Information**
```
Command completed in 00:00:01.4346226.
```

